<?xml version="1.0" encoding="UTF-8"?>
<testsuite xmlns:xsi="http://www.w3.org/2001/XMLSchema-instance" xsi:noNamespaceSchemaLocation="https://maven.apache.org/surefire/maven-surefire-plugin/xsd/surefire-test-report.xsd" name="org.owasp.webgoat.session.LessonTrackerTest" time="0.008" tests="3" errors="0" skipped="0" failures="0">
  <properties/>
  <testcase name="noAssignmentsSolvedShouldMarkLessonAsInComplete" classname="org.owasp.webgoat.session.LessonTrackerTest" time="0.003"/>
  <testcase name="solvingSameAssignmentShouldNotAddItTwice" classname="org.owasp.webgoat.session.LessonTrackerTest" time="0.002"/>
  <testcase name="allAssignmentsSolvedShouldMarkLessonAsComplete" classname="org.owasp.webgoat.session.LessonTrackerTest" time="0.002"/>
</testsuite>